<?xml version="1.0" encoding="UTF-8"?>
<!-- Generated by org.testng.reporters.JUnitXMLReporter -->
<testsuite ignored="0" hostname="DESKTOP-VD9DIQK" failures="1" tests="2" name="Test" time="29.301" errors="0" timestamp="2024-08-05T20:14:09 IST">
  <testcase classname="qa.tests.TestCase1" name="sampleMethodForEnterinCredentials" time="5.957">
    <skipped/>
  </testcase> <!-- sampleMethodForEnterinCredentials -->
  <testcase classname="qa.tests.TestCase1" name="sampleMethodForEnterinCredentials" time="4.337">
    <failure type="java.lang.AssertionError" message="Element not found expected [true] but found [false]">
      <![CDATA[java.lang.AssertionError: Element not found expected [true] but found [false]
at pageEvents.LoginPageEvents.verifyIfLoginPageIsLoaded(LoginPageEvents.java:12)
at qa.tests.TestCase1.sampleMethodForEnterinCredentials(TestCase1.java:17)
at java.base/java.util.ArrayList.forEach(ArrayList.java:1511)
... Removed 28 stack frames]]>
    </failure>
  </testcase> <!-- sampleMethodForEnterinCredentials -->
</testsuite> <!-- Test -->
